<?xml version="1.0" encoding="UTF-8"?>
<testng-results ignored="0" total="1" passed="1" failed="0" skipped="0">
  <reporter-output>
  </reporter-output>
  <suite started-at="2024-03-02T18:40:12 IST" name="Default suite" finished-at="2024-03-02T18:40:20 IST" duration-ms="7567">
    <groups>
    </groups>
    <test started-at="2024-03-02T18:40:12 IST" name="Default test" finished-at="2024-03-02T18:40:20 IST" duration-ms="7567">
      <class name="Scripts.ValidateSignUpFunctionality">
        <test-method is-config="true" signature="init(org.testng.ITestContext)[pri:0, instance:Scripts.ValidateSignUpFunctionality@53fb3dab]" started-at="2024-03-02T18:40:12 IST" name="init" finished-at="2024-03-02T18:40:12 IST" duration-ms="269" status="PASS">
          <params>
            <param index="0">
              <value>
                <![CDATA[org.testng.TestRunner@1200458e]]>
              </value>
            </param>
          </params>
          <reporter-output>
          </reporter-output>
        </test-method> <!-- init -->
        <test-method is-config="true" signature="method()[pri:0, instance:Scripts.ValidateSignUpFunctionality@53fb3dab]" started-at="2024-03-02T18:40:12 IST" name="method" finished-at="2024-03-02T18:40:18 IST" duration-ms="5946" status="PASS">
          <reporter-output>
          </reporter-output>
        </test-method> <!-- method -->
        <test-method signature="validatelogin(java.util.Map)[pri:0, instance:Scripts.ValidateSignUpFunctionality@53fb3dab]" started-at="2024-03-02T18:40:19 IST" name="validatelogin" data-provider="createAccount" finished-at="2024-03-02T18:40:19 IST" duration-ms="102" status="PASS">
          <params>
            <param index="0">
              <value>
                <![CDATA[{FirstName=Pravalika, LastName=Reddy, DateofBirth=01-Jan-1985, EnterEmail=pravalikakatta957@gmail.com, CreatePassword=Selenium@123, ConfirmPassword=Selenium@123, PhoneNumber=1.2254107188E10, Address=Baton Rouge}]]>
              </value>
            </param>
          </params>
          <reporter-output>
          </reporter-output>
        </test-method> <!-- validatelogin -->
        <test-method is-config="true" signature="cleanup()[pri:0, instance:Scripts.ValidateSignUpFunctionality@53fb3dab]" started-at="2024-03-02T18:40:19 IST" name="cleanup" finished-at="2024-03-02T18:40:20 IST" duration-ms="663" status="PASS">
          <reporter-output>
          </reporter-output>
        </test-method> <!-- cleanup -->
      </class> <!-- Scripts.ValidateSignUpFunctionality -->
    </test> <!-- Default test -->
  </suite> <!-- Default suite -->
</testng-results>
